<?xml version="1.0" encoding="UTF-8"?>
<!-- Generated by org.testng.reporters.JUnitReportReporter -->
<testsuite hostname="MOHANGOWDA" failures="0" tests="1" name="org.vtiger.practice.ExtentReports" time="0.016" errors="0" timestamp="2022-07-22T11:36:31 IST" skipped="0">
  <testcase classname="org.vtiger.practice.ExtentReports" name="report" time="0.016"/>
  <system-out/>
</testsuite> <!-- org.vtiger.practice.ExtentReports -->
