<?xml version="1.0" encoding="UTF-8"?>
<!-- Generated by org.testng.reporters.JUnitReportReporter -->
<testsuite hostname="TYP1517" failures="0" tests="1" name="org.vtiger.campaigns.CreateCampaignWithProductTest" time="42.491" errors="0" timestamp="2022-07-15T16:30:23 IST" skipped="0">
  <testcase classname="org.vtiger.campaigns.CreateCampaignWithProductTest" name="createCampaignWithProductTest" time="42.491"/>
  <system-out>
    <![CDATA[createCampaignWithProductTestSucess]]>
  </system-out>
</testsuite> <!-- org.vtiger.campaigns.CreateCampaignWithProductTest -->
