<?xml version="1.0" encoding="UTF-8"?>
<!-- Generated by org.testng.reporters.JUnitReportReporter -->
<testsuite hostname="MOHANGOWDA" failures="0" tests="1" name="org.vtiger.practice.PassingDataThroughVM" time="0.080" errors="0" timestamp="2022-08-01T12:03:56 IST" skipped="0">
  <testcase classname="org.vtiger.practice.PassingDataThroughVM" name="data" time="0.080"/>
  <system-out/>
</testsuite> <!-- org.vtiger.practice.PassingDataThroughVM -->
