<?xml version="1.0" encoding="UTF-8"?>
<!-- Generated by org.testng.reporters.JUnitReportReporter -->
<testsuite hostname="TYP1517" failures="0" tests="3" name="org.vtiger.practice.TestNGClassPractice" time="0.017" errors="0" timestamp="2022-07-12T12:33:43 IST" skipped="0">
  <testcase classname="org.vtiger.practice.TestNGClassPractice" name="practice2" time="0.002"/>
  <system-out>
    <![CDATA[HI]]>
  </system-out>
  <testcase classname="org.vtiger.practice.TestNGClassPractice" name="practice" time="0.013"/>
  <system-out>
    <![CDATA[HI]]>
  </system-out>
  <testcase classname="org.vtiger.practice.TestNGClassPractice" name="practice1" time="0.002"/>
  <system-out>
    <![CDATA[HI]]>
  </system-out>
</testsuite> <!-- org.vtiger.practice.TestNGClassPractice -->
