<?xml version="1.0" encoding="UTF-8"?>
<!-- Generated by org.testng.reporters.JUnitReportReporter -->
<testsuite hostname="MOHANGOWDA" failures="0" tests="1" name="org.vtiger.practice.KeywordDrivenExample" time="23.060" errors="0" timestamp="2022-08-01T17:04:57 IST" skipped="0">
  <testcase classname="org.vtiger.practice.KeywordDrivenExample" name="lunchApp" time="23.060"/>
  <system-out/>
</testsuite> <!-- org.vtiger.practice.KeywordDrivenExample -->
