<?xml version="1.0" encoding="UTF-8"?>
<!-- Generated by org.testng.reporters.JUnitReportReporter -->
<testsuite hostname="TYP1517" failures="0" tests="3" name="org.vtiger.practice.Login" time="0.037" errors="0" timestamp="2022-07-14T17:20:40 IST" skipped="0">
  <testcase classname="org.vtiger.practice.Login" name="loginTest" time="0.013"/>
  <system-out/>
  <testcase classname="org.vtiger.practice.Login" name="loginTest" time="0.012"/>
  <system-out/>
  <testcase classname="org.vtiger.practice.Login" name="loginTest" time="0.012"/>
  <system-out/>
</testsuite> <!-- org.vtiger.practice.Login -->
