<?xml version="1.0" encoding="UTF-8"?>
<!-- Generated by org.testng.reporters.JUnitReportReporter -->
<testsuite hostname="MOHANGOWDA" failures="0" tests="1" name="org.vtiger.practice.ExtentReportPractice" time="14.127" errors="0" timestamp="2022-07-28T16:24:48 IST" skipped="0">
  <testcase classname="org.vtiger.practice.ExtentReportPractice" name="extentReport" time="14.127"/>
  <system-out/>
</testsuite> <!-- org.vtiger.practice.ExtentReportPractice -->
