<?xml version="1.0" encoding="UTF-8"?>
<!-- Generated by org.testng.reporters.JUnitReportReporter -->
<testsuite hostname="TYP1517" failures="0" tests="1" name="org.vtiger.practice.TestNGClassPracticeTest" time="0.005" errors="0" timestamp="2022-07-15T12:24:47 IST" skipped="0">
  <testcase classname="org.vtiger.practice.TestNGClassPracticeTest" name="test1" time="0.005"/>
  <system-out/>
</testsuite> <!-- org.vtiger.practice.TestNGClassPracticeTest -->
