<?xml version="1.0" encoding="UTF-8"?>
<!-- Generated by org.testng.reporters.JUnitReportReporter -->
<testsuite hostname="TYP1517" failures="0" tests="4" name="org.vtiger.practice.TestNGClass3" time="29.160" errors="0" timestamp="2022-07-15T12:09:53 IST" skipped="0">
  <testcase classname="org.vtiger.practice.TestNGClass3" name="test1" time="13.236"/>
  <system-out>
    <![CDATA[Test1 - class3 25]]>
  </system-out>
  <testcase classname="org.vtiger.practice.TestNGClass3" name="test2" time="5.491"/>
  <system-out>
    <![CDATA[Test2 - class3 25]]>
  </system-out>
  <testcase classname="org.vtiger.practice.TestNGClass3" name="test4" time="5.161"/>
  <system-out>
    <![CDATA[Test4 - class3 25]]>
  </system-out>
  <testcase classname="org.vtiger.practice.TestNGClass3" name="test3" time="5.272"/>
  <system-out>
    <![CDATA[Test3 - class3 25]]>
  </system-out>
</testsuite> <!-- org.vtiger.practice.TestNGClass3 -->
